2024-05-31 14:58:25,045 [1] INFO Microsoft.Hosting.Lifetime - Now listening on: http://localhost:5122
2024-05-31 14:58:25,074 [1] INFO Microsoft.Hosting.Lifetime - Application started. Press Ctrl+C to shut down.
2024-05-31 14:58:25,078 [1] INFO Microsoft.Hosting.Lifetime - Hosting environment: Development
2024-05-31 14:58:25,083 [1] INFO Microsoft.Hosting.Lifetime - Content root path: C:\Users\VC\Desktop\MiniProjectLibraryManagement\LibraryManagemetSln\LibraryManagemetApi
2024-05-31 14:58:49,014 [13] WARN Microsoft.EntityFrameworkCore.Model.Validation - The foreign key property 'User.RoleId1' was created in shadow state because a conflicting property with the simple name 'RoleId' exists in the entity type, but is either not mapped, is already used for another relationship, or is incompatible with the associated primary key type. See https://aka.ms/efcore-relationships for information on mapping relationships in EF Core.
2024-05-31 14:58:49,096 [13] WARN Microsoft.EntityFrameworkCore.Model.Validation - No store type was specified for the decimal property 'Fine' on entity type 'Borrowed'. This will cause values to be silently truncated if they do not fit in the default precision and scale. Explicitly specify the SQL server column type that can accommodate all the values in 'OnModelCreating' using 'HasColumnType', specify precision and scale using 'HasPrecision', or configure a value converter using 'HasConversion'.
2024-05-31 14:58:49,101 [13] WARN Microsoft.EntityFrameworkCore.Model.Validation - No store type was specified for the decimal property 'Amount' on entity type 'Payment'. This will cause values to be silently truncated if they do not fit in the default precision and scale. Explicitly specify the SQL server column type that can accommodate all the values in 'OnModelCreating' using 'HasColumnType', specify precision and scale using 'HasPrecision', or configure a value converter using 'HasConversion'.
2024-05-31 14:58:50,455 [10] INFO Microsoft.EntityFrameworkCore.Database.Command - Executed DbCommand (94ms) [Parameters=[@__startDate_0='?' (DbType = DateTime2), @__enddate_1='?' (DbType = DateTime2)], CommandType='Text', CommandTimeout='30']
SELECT [b].[Id], [b].[BookId], [b].[BorrowedDate], [b].[DueDate], [b].[Fine], [b].[PaymentId], [b].[ReturnDate], [b].[UserId]
FROM [Borroweds] AS [b]
WHERE [b].[BorrowedDate] >= @__startDate_0 AND [b].[BorrowedDate] <= @__enddate_1
2024-05-31 14:58:50,503 [10] INFO LibraryManagemetApi.Controllers.AnalyticsController - Fetched Analytics
2024-05-31 17:20:26,875 [1] INFO Microsoft.Hosting.Lifetime - Now listening on: http://localhost:5122
2024-05-31 17:20:26,891 [1] INFO Microsoft.Hosting.Lifetime - Application started. Press Ctrl+C to shut down.
2024-05-31 17:20:26,894 [1] INFO Microsoft.Hosting.Lifetime - Hosting environment: Development
2024-05-31 17:20:26,897 [1] INFO Microsoft.Hosting.Lifetime - Content root path: C:\Users\VC\Desktop\MiniProjectLibraryManagement\LibraryManagemetSln\LibraryManagemetApi
2024-05-31 17:20:59,187 [10] WARN Microsoft.EntityFrameworkCore.Model.Validation - The foreign key property 'User.RoleId1' was created in shadow state because a conflicting property with the simple name 'RoleId' exists in the entity type, but is either not mapped, is already used for another relationship, or is incompatible with the associated primary key type. See https://aka.ms/efcore-relationships for information on mapping relationships in EF Core.
2024-05-31 17:20:59,245 [10] WARN Microsoft.EntityFrameworkCore.Model.Validation - No store type was specified for the decimal property 'Fine' on entity type 'Borrowed'. This will cause values to be silently truncated if they do not fit in the default precision and scale. Explicitly specify the SQL server column type that can accommodate all the values in 'OnModelCreating' using 'HasColumnType', specify precision and scale using 'HasPrecision', or configure a value converter using 'HasConversion'.
2024-05-31 17:20:59,251 [10] WARN Microsoft.EntityFrameworkCore.Model.Validation - No store type was specified for the decimal property 'Amount' on entity type 'Payment'. This will cause values to be silently truncated if they do not fit in the default precision and scale. Explicitly specify the SQL server column type that can accommodate all the values in 'OnModelCreating' using 'HasColumnType', specify precision and scale using 'HasPrecision', or configure a value converter using 'HasConversion'.
2024-05-31 17:21:00,650 [18] INFO Microsoft.EntityFrameworkCore.Database.Command - Executed DbCommand (107ms) [Parameters=[@__email_0='?' (Size = 450)], CommandType='Text', CommandTimeout='30']
SELECT TOP(1) [u].[Id], [u].[Active], [u].[CreatedAt], [u].[Email], [u].[HashKey], [u].[Password], [u].[RoleId], [u].[RoleId1], [u].[Username]
FROM [Users] AS [u]
WHERE [u].[Email] = @__email_0
2024-05-31 17:21:00,859 [18] INFO LibraryManagemetApi.Controllers.UserController - User dvsujan@gmail.com logged in
